<?xml version="1.0" encoding="UTF-8"?>
<testsuite name="storage.InMemoryTasksResultsStorageTest" tests="4" skipped="0" failures="0" errors="0" timestamp="2020-07-04T12:47:43" hostname="VOLODYMYR2020" time="0.008">
  <properties/>
  <testcase name="testContainsOperation" classname="storage.InMemoryTasksResultsStorageTest" time="0.0"/>
  <testcase name="testAddOperation" classname="storage.InMemoryTasksResultsStorageTest" time="0.006"/>
  <testcase name="testRemoveOperation" classname="storage.InMemoryTasksResultsStorageTest" time="0.001"/>
  <testcase name="testRemoveTaskResultsOlderThan" classname="storage.InMemoryTasksResultsStorageTest" time="0.0"/>
  <system-out><![CDATA[]]></system-out>
  <system-err><![CDATA[]]></system-err>
</testsuite>
