<?xml version="1.0" encoding="UTF-8"?>
<testsuite name="filters.TaskResultTypeFilteredTest" tests="1" skipped="0" failures="0" errors="0" timestamp="2020-07-04T12:47:43" hostname="VOLODYMYR2020" time="0.001">
  <properties/>
  <testcase name="testResultTypeFiltering" classname="filters.TaskResultTypeFilteredTest" time="0.001"/>
  <system-out><![CDATA[]]></system-out>
  <system-err><![CDATA[]]></system-err>
</testsuite>
